{
"contracts/Voting.sol":{"l":{"71":20,"73":18,"83":2,"89":3,"97":16,"99":15,"102":14,"104":14,"112":7,"114":6,"117":5,"119":5,"121":5,"123":5,"131":6,"133":5,"135":4,"138":4,"140":4,"142":4,"145":4,"153":13,"155":12,"158":12,"159":12,"160":12,"163":12,"169":5,"173":4,"175":4,"183":5,"187":4,"189":4,"195":2,"197":1,"199":1,"205":3,"207":1,"209":1,"211":2,"213":1,"217":1,"220":1,"222":1},"path":"/home/patrice/alyra-project-voting-testing/contracts/Voting.sol","s":{"1":20,"2":2,"3":3,"4":16,"5":15,"6":14,"7":7,"8":6,"9":5,"10":5,"11":5,"12":6,"13":5,"14":4,"15":4,"16":13,"17":12,"18":12,"19":12,"20":5,"21":4,"22":5,"23":4,"24":2,"25":1,"26":3,"27":1,"28":1,"29":2,"30":1},"b":{"1":[18,2],"2":[2,1],"3":[3,1],"4":[16,1],"5":[15,1],"6":[14,1],"7":[7,0],"8":[6,1],"9":[5,1],"10":[6,0],"11":[5,1],"12":[4,1],"13":[4,0],"14":[13,1],"15":[12,1],"16":[5,0],"17":[4,1],"18":[5,0],"19":[4,1],"20":[2,0],"21":[1,1],"22":[3,0],"23":[1,2],"24":[1,1]},"f":{"1":1,"2":20,"3":2,"4":3,"5":16,"6":7,"7":6,"8":13,"9":5,"10":5,"11":2,"12":3},"fnMap":{"1":{"name":"constructor","line":66,"loc":{"start":{"line":66,"column":4},"end":{"line":66,"column":39}}},"2":{"name":"onlyVoters","line":69,"loc":{"start":{"line":69,"column":4},"end":{"line":74,"column":4}}},"3":{"name":"getVoter","line":81,"loc":{"start":{"line":81,"column":4},"end":{"line":84,"column":4}}},"4":{"name":"getOneProposal","line":87,"loc":{"start":{"line":87,"column":4},"end":{"line":90,"column":4}}},"5":{"name":"addVoter","line":95,"loc":{"start":{"line":95,"column":4},"end":{"line":105,"column":4}}},"6":{"name":"addProposal","line":110,"loc":{"start":{"line":110,"column":4},"end":{"line":124,"column":4}}},"7":{"name":"setVote","line":129,"loc":{"start":{"line":129,"column":4},"end":{"line":146,"column":4}}},"8":{"name":"startProposalsRegistering","line":151,"loc":{"start":{"line":151,"column":4},"end":{"line":164,"column":4}}},"9":{"name":"endProposalsRegistering","line":167,"loc":{"start":{"line":167,"column":4},"end":{"line":178,"column":4}}},"10":{"name":"startVotingSession","line":181,"loc":{"start":{"line":181,"column":4},"end":{"line":190,"column":4}}},"11":{"name":"endVotingSession","line":193,"loc":{"start":{"line":193,"column":4},"end":{"line":200,"column":4}}},"12":{"name":"tallyVotes","line":203,"loc":{"start":{"line":203,"column":4},"end":{"line":223,"column":4}}}},"statementMap":{"1":{"start":{"line":71,"column":8},"end":{"line":71,"column":70}},"2":{"start":{"line":83,"column":8},"end":{"line":83,"column":28}},"3":{"start":{"line":89,"column":8},"end":{"line":89,"column":34}},"4":{"start":{"line":97,"column":8},"end":{"line":97,"column":105}},"5":{"start":{"line":99,"column":8},"end":{"line":99,"column":72}},"6":{"start":{"line":104,"column":8},"end":{"line":104,"column":35}},"7":{"start":{"line":112,"column":8},"end":{"line":112,"column":110}},"8":{"start":{"line":114,"column":8},"end":{"line":114,"column":112}},"9":{"start":{"line":117,"column":8},"end":{"line":117,"column":32}},"10":{"start":{"line":121,"column":8},"end":{"line":121,"column":36}},"11":{"start":{"line":123,"column":8},"end":{"line":123,"column":58}},"12":{"start":{"line":131,"column":8},"end":{"line":131,"column":106}},"13":{"start":{"line":133,"column":8},"end":{"line":133,"column":77}},"14":{"start":{"line":135,"column":8},"end":{"line":135,"column":65}},"15":{"start":{"line":145,"column":8},"end":{"line":145,"column":35}},"16":{"start":{"line":153,"column":8},"end":{"line":153,"column":111}},"17":{"start":{"line":158,"column":8},"end":{"line":158,"column":32}},"18":{"start":{"line":160,"column":8},"end":{"line":160,"column":36}},"19":{"start":{"line":163,"column":8},"end":{"line":163,"column":112}},"20":{"start":{"line":169,"column":8},"end":{"line":169,"column":7147}},"21":{"start":{"line":175,"column":8},"end":{"line":175,"column":7485}},"22":{"start":{"line":183,"column":8},"end":{"line":183,"column":7824}},"23":{"start":{"line":189,"column":8},"end":{"line":189,"column":113}},"24":{"start":{"line":195,"column":8},"end":{"line":195,"column":106}},"25":{"start":{"line":199,"column":8},"end":{"line":199,"column":105}},"26":{"start":{"line":205,"column":8},"end":{"line":205,"column":113}},"27":{"start":{"line":207,"column":8},"end":{"line":207,"column":34}},"28":{"start":{"line":209,"column":8},"end":{"line":209,"column":9308}},"29":{"start":{"line":211,"column":12},"end":{"line":211,"column":9486}},"30":{"start":{"line":222,"column":8},"end":{"line":222,"column":97}}},"branchMap":{"1":{"line":71,"type":"if","locations":[{"start":{"line":71,"column":8},"end":{"line":71,"column":8}},{"start":{"line":71,"column":8},"end":{"line":71,"column":8}}]},"2":{"line":81,"type":"if","locations":[{"start":{"line":81,"column":51},"end":{"line":81,"column":51}},{"start":{"line":81,"column":51},"end":{"line":81,"column":51}}]},"3":{"line":87,"type":"if","locations":[{"start":{"line":87,"column":55},"end":{"line":87,"column":55}},{"start":{"line":87,"column":55},"end":{"line":87,"column":55}}]},"4":{"line":95,"type":"if","locations":[{"start":{"line":95,"column":46},"end":{"line":95,"column":46}},{"start":{"line":95,"column":46},"end":{"line":95,"column":46}}]},"5":{"line":97,"type":"if","locations":[{"start":{"line":97,"column":8},"end":{"line":97,"column":8}},{"start":{"line":97,"column":8},"end":{"line":97,"column":8}}]},"6":{"line":99,"type":"if","locations":[{"start":{"line":99,"column":8},"end":{"line":99,"column":8}},{"start":{"line":99,"column":8},"end":{"line":99,"column":8}}]},"7":{"line":110,"type":"if","locations":[{"start":{"line":110,"column":57},"end":{"line":110,"column":57}},{"start":{"line":110,"column":57},"end":{"line":110,"column":57}}]},"8":{"line":112,"type":"if","locations":[{"start":{"line":112,"column":8},"end":{"line":112,"column":8}},{"start":{"line":112,"column":8},"end":{"line":112,"column":8}}]},"9":{"line":114,"type":"if","locations":[{"start":{"line":114,"column":8},"end":{"line":114,"column":8}},{"start":{"line":114,"column":8},"end":{"line":114,"column":8}}]},"10":{"line":129,"type":"if","locations":[{"start":{"line":129,"column":43},"end":{"line":129,"column":43}},{"start":{"line":129,"column":43},"end":{"line":129,"column":43}}]},"11":{"line":131,"type":"if","locations":[{"start":{"line":131,"column":8},"end":{"line":131,"column":8}},{"start":{"line":131,"column":8},"end":{"line":131,"column":8}}]},"12":{"line":133,"type":"if","locations":[{"start":{"line":133,"column":8},"end":{"line":133,"column":8}},{"start":{"line":133,"column":8},"end":{"line":133,"column":8}}]},"13":{"line":135,"type":"if","locations":[{"start":{"line":135,"column":8},"end":{"line":135,"column":8}},{"start":{"line":135,"column":8},"end":{"line":135,"column":8}}]},"14":{"line":151,"type":"if","locations":[{"start":{"line":151,"column":50},"end":{"line":151,"column":50}},{"start":{"line":151,"column":50},"end":{"line":151,"column":50}}]},"15":{"line":153,"type":"if","locations":[{"start":{"line":153,"column":8},"end":{"line":153,"column":8}},{"start":{"line":153,"column":8},"end":{"line":153,"column":8}}]},"16":{"line":167,"type":"if","locations":[{"start":{"line":167,"column":48},"end":{"line":167,"column":48}},{"start":{"line":167,"column":48},"end":{"line":167,"column":48}}]},"17":{"line":169,"type":"if","locations":[{"start":{"line":169,"column":8},"end":{"line":169,"column":8}},{"start":{"line":169,"column":8},"end":{"line":169,"column":8}}]},"18":{"line":181,"type":"if","locations":[{"start":{"line":181,"column":43},"end":{"line":181,"column":43}},{"start":{"line":181,"column":43},"end":{"line":181,"column":43}}]},"19":{"line":183,"type":"if","locations":[{"start":{"line":183,"column":8},"end":{"line":183,"column":8}},{"start":{"line":183,"column":8},"end":{"line":183,"column":8}}]},"20":{"line":193,"type":"if","locations":[{"start":{"line":193,"column":41},"end":{"line":193,"column":41}},{"start":{"line":193,"column":41},"end":{"line":193,"column":41}}]},"21":{"line":195,"type":"if","locations":[{"start":{"line":195,"column":8},"end":{"line":195,"column":8}},{"start":{"line":195,"column":8},"end":{"line":195,"column":8}}]},"22":{"line":203,"type":"if","locations":[{"start":{"line":203,"column":35},"end":{"line":203,"column":35}},{"start":{"line":203,"column":35},"end":{"line":203,"column":35}}]},"23":{"line":205,"type":"if","locations":[{"start":{"line":205,"column":8},"end":{"line":205,"column":8}},{"start":{"line":205,"column":8},"end":{"line":205,"column":8}}]},"24":{"line":211,"type":"if","locations":[{"start":{"line":211,"column":12},"end":{"line":211,"column":12}},{"start":{"line":211,"column":12},"end":{"line":211,"column":12}}]}}}}
