TN:
SF:/home/patrice/alyra-project-voting-testing/contracts/Voting.sol
FN:66,constructor
FN:69,onlyVoters
FN:81,getVoter
FN:87,getOneProposal
FN:95,addVoter
FN:110,addProposal
FN:129,setVote
FN:151,startProposalsRegistering
FN:167,endProposalsRegistering
FN:181,startVotingSession
FN:193,endVotingSession
FN:203,tallyVotes
FNF:12
FNH:12
FNDA:1,constructor
FNDA:20,onlyVoters
FNDA:2,getVoter
FNDA:3,getOneProposal
FNDA:16,addVoter
FNDA:7,addProposal
FNDA:6,setVote
FNDA:13,startProposalsRegistering
FNDA:5,endProposalsRegistering
FNDA:5,startVotingSession
FNDA:2,endVotingSession
FNDA:3,tallyVotes
DA:71,20
DA:73,18
DA:83,2
DA:89,3
DA:97,16
DA:99,15
DA:102,14
DA:104,14
DA:112,7
DA:114,6
DA:117,5
DA:119,5
DA:121,5
DA:123,5
DA:131,6
DA:133,5
DA:135,4
DA:138,4
DA:140,4
DA:142,4
DA:145,4
DA:153,13
DA:155,12
DA:158,12
DA:159,12
DA:160,12
DA:163,12
DA:169,5
DA:173,4
DA:175,4
DA:183,5
DA:187,4
DA:189,4
DA:195,2
DA:197,1
DA:199,1
DA:205,3
DA:207,1
DA:209,1
DA:211,2
DA:213,1
DA:217,1
DA:220,1
DA:222,1
LF:44
LH:44
BRDA:71,1,0,18
BRDA:71,1,1,2
BRDA:81,2,0,2
BRDA:81,2,1,1
BRDA:87,3,0,3
BRDA:87,3,1,1
BRDA:95,4,0,16
BRDA:95,4,1,1
BRDA:97,5,0,15
BRDA:97,5,1,1
BRDA:99,6,0,14
BRDA:99,6,1,1
BRDA:110,7,0,7
BRDA:110,7,1,0
BRDA:112,8,0,6
BRDA:112,8,1,1
BRDA:114,9,0,5
BRDA:114,9,1,1
BRDA:129,10,0,6
BRDA:129,10,1,0
BRDA:131,11,0,5
BRDA:131,11,1,1
BRDA:133,12,0,4
BRDA:133,12,1,1
BRDA:135,13,0,4
BRDA:135,13,1,0
BRDA:151,14,0,13
BRDA:151,14,1,1
BRDA:153,15,0,12
BRDA:153,15,1,1
BRDA:167,16,0,5
BRDA:167,16,1,0
BRDA:169,17,0,4
BRDA:169,17,1,1
BRDA:181,18,0,5
BRDA:181,18,1,0
BRDA:183,19,0,4
BRDA:183,19,1,1
BRDA:193,20,0,2
BRDA:193,20,1,0
BRDA:195,21,0,1
BRDA:195,21,1,1
BRDA:203,22,0,3
BRDA:203,22,1,0
BRDA:205,23,0,1
BRDA:205,23,1,2
BRDA:211,24,0,1
BRDA:211,24,1,1
BRF:48
BRH:41
end_of_record
